Copyright 1986-2018 Xilinx, Inc. All Rights Reserved.
------------------------------------------------------------------------------------
| Tool Version : Vivado v.2018.3 (win64) Build 2405991 Thu Dec  6 23:38:27 MST 2018
| Date         : Wed Mar  6 12:02:16 2019
| Host         : DellG5Laptop running 64-bit major release  (build 9200)
| Command      : report_control_sets -verbose -file UART_TX_control_sets_placed.rpt
| Design       : UART_TX
| Device       : xc7a35t
------------------------------------------------------------------------------------

Control Set Information

Table of Contents
-----------------
1. Summary
2. Histogram
3. Flip-Flop Distribution
4. Detailed Control Set Information

1. Summary
----------

+----------------------------------------------------------+-------+
|                          Status                          | Count |
+----------------------------------------------------------+-------+
| Number of unique control sets                            |     5 |
| Unused register locations in slices containing registers |    19 |
+----------------------------------------------------------+-------+


2. Histogram
------------

+--------+--------------+
| Fanout | Control Sets |
+--------+--------------+
|      1 |            1 |
|      2 |            1 |
|      4 |            1 |
|      8 |            1 |
|     14 |            1 |
+--------+--------------+


3. Flip-Flop Distribution
-------------------------

+--------------+-----------------------+------------------------+-----------------+--------------+
| Clock Enable | Synchronous Set/Reset | Asynchronous Set/Reset | Total Registers | Total Slices |
+--------------+-----------------------+------------------------+-----------------+--------------+
| No           | No                    | No                     |               2 |            1 |
| No           | No                    | Yes                    |               0 |            0 |
| No           | Yes                   | No                     |               0 |            0 |
| Yes          | No                    | No                     |              27 |           12 |
| Yes          | No                    | Yes                    |               0 |            0 |
| Yes          | Yes                   | No                     |               0 |            0 |
+--------------+-----------------------+------------------------+-----------------+--------------+


4. Detailed Control Set Information
-----------------------------------

+----------------+---------------------+------------------+------------------+----------------+
|  Clock Signal  |    Enable Signal    | Set/Reset Signal | Slice Load Count | Bel Load Count |
+----------------+---------------------+------------------+------------------+----------------+
|  clk_IBUF_BUFG | p_1_out[0]          |                  |                1 |              1 |
|  clk_IBUF_BUFG |                     |                  |                1 |              2 |
|  clk_IBUF_BUFG | bit[3]_i_1_n_0      |                  |                1 |              4 |
|  clk_IBUF_BUFG | data[7]_i_1_n_0     |                  |                5 |              8 |
|  clk_IBUF_BUFG | counter[13]_i_1_n_0 |                  |                5 |             14 |
+----------------+---------------------+------------------+------------------+----------------+


